c:\users\user\onedrive\שולחן העבודה\visual projects\repos\paint2\paint2\debug\paint2.pch
c:\users\user\onedrive\שולחן העבודה\visual projects\repos\paint2\paint2\debug\vc141.pdb
c:\users\user\onedrive\שולחן העבודה\visual projects\repos\paint2\paint2\debug\vc141.idb
c:\users\user\onedrive\שולחן העבודה\visual projects\repos\paint2\paint2\debug\pch.obj
c:\users\user\onedrive\שולחן העבודה\visual projects\repos\paint2\paint2\debug\undoredoclass.obj
c:\users\user\onedrive\שולחן העבודה\visual projects\repos\paint2\paint2\debug\triangle1.obj
c:\users\user\onedrive\שולחן העבודה\visual projects\repos\paint2\paint2\debug\stdafx.obj
c:\users\user\onedrive\שולחן העבודה\visual projects\repos\paint2\paint2\debug\square1.obj
c:\users\user\onedrive\שולחן העבודה\visual projects\repos\paint2\paint2\debug\spray.obj
c:\users\user\onedrive\שולחן העבודה\visual projects\repos\paint2\paint2\debug\shape.obj
c:\users\user\onedrive\שולחן העבודה\visual projects\repos\paint2\paint2\debug\rectangle1.obj
c:\users\user\onedrive\שולחן העבודה\visual projects\repos\paint2\paint2\debug\pen.obj
c:\users\user\onedrive\שולחן העבודה\visual projects\repos\paint2\paint2\debug\paint2dlg.obj
c:\users\user\onedrive\שולחן העבודה\visual projects\repos\paint2\paint2\debug\paint2.obj
c:\users\user\onedrive\שולחן העבודה\visual projects\repos\paint2\paint2\debug\opendlg.obj
c:\users\user\onedrive\שולחן העבודה\visual projects\repos\paint2\paint2\debug\makbilit.obj
c:\users\user\onedrive\שולחן העבודה\visual projects\repos\paint2\paint2\debug\line.obj
c:\users\user\onedrive\שולחן העבודה\visual projects\repos\paint2\paint2\debug\ellipse1.obj
c:\users\user\onedrive\שולחן העבודה\visual projects\repos\paint2\paint2\debug\circle.obj
c:\users\user\onedrive\שולחן העבודה\visual projects\repos\paint2\debug\paint2.ilk
c:\users\user\onedrive\שולחן העבודה\visual projects\repos\paint2\debug\paint2.exe
c:\users\user\onedrive\שולחן העבודה\visual projects\repos\paint2\debug\paint2.pdb
c:\users\user\onedrive\שולחן העבודה\visual projects\repos\paint2\paint2\debug\paint2.res
c:\users\user\onedrive\שולחן העבודה\visual projects\repos\paint2\paint2\debug\paint2.tlog\cl.command.1.tlog
c:\users\user\onedrive\שולחן העבודה\visual projects\repos\paint2\paint2\debug\paint2.tlog\cl.read.1.tlog
c:\users\user\onedrive\שולחן העבודה\visual projects\repos\paint2\paint2\debug\paint2.tlog\cl.write.1.tlog
c:\users\user\onedrive\שולחן העבודה\visual projects\repos\paint2\paint2\debug\paint2.tlog\link.command.1.tlog
c:\users\user\onedrive\שולחן העבודה\visual projects\repos\paint2\paint2\debug\paint2.tlog\link.read.1.tlog
c:\users\user\onedrive\שולחן העבודה\visual projects\repos\paint2\paint2\debug\paint2.tlog\link.write.1.tlog
c:\users\user\onedrive\שולחן העבודה\visual projects\repos\paint2\paint2\debug\paint2.tlog\rc.command.1.tlog
c:\users\user\onedrive\שולחן העבודה\visual projects\repos\paint2\paint2\debug\paint2.tlog\rc.read.1.tlog
c:\users\user\onedrive\שולחן העבודה\visual projects\repos\paint2\paint2\debug\paint2.tlog\rc.write.1.tlog
